2022-05-11 19:31:46,698 [INFO] sqlalchemy.engine.Engine: BEGIN (implicit)
2022-05-11 19:31:46,701 [INFO] sqlalchemy.engine.Engine: PRAGMA main.table_info("transactions")
2022-05-11 19:31:46,708 [INFO] sqlalchemy.engine.Engine: [raw sql] ()
2022-05-11 19:31:46,728 [INFO] sqlalchemy.engine.Engine: PRAGMA main.table_info("users")
2022-05-11 19:31:46,734 [INFO] sqlalchemy.engine.Engine: [raw sql] ()
2022-05-11 19:31:46,747 [INFO] sqlalchemy.engine.Engine: COMMIT
2022-05-11 19:31:46,753 [INFO] sqlalchemy.engine.Engine: BEGIN (implicit)
2022-05-11 19:31:46,760 [INFO] sqlalchemy.engine.Engine: PRAGMA main.table_info("transactions")
2022-05-11 19:31:46,764 [INFO] sqlalchemy.engine.Engine: [raw sql] ()
2022-05-11 19:31:46,784 [INFO] sqlalchemy.engine.Engine: PRAGMA main.table_info("users")
2022-05-11 19:31:46,791 [INFO] sqlalchemy.engine.Engine: [raw sql] ()
2022-05-11 19:31:46,802 [INFO] sqlalchemy.engine.Engine: COMMIT
2022-05-11 19:31:46,972 [INFO] sqlalchemy.engine.Engine: BEGIN (implicit)
2022-05-11 19:31:46,974 [INFO] sqlalchemy.engine.Engine: PRAGMA main.table_info("transactions")
2022-05-11 19:31:46,977 [INFO] sqlalchemy.engine.Engine: [raw sql] ()
2022-05-11 19:31:46,988 [INFO] sqlalchemy.engine.Engine: PRAGMA main.table_info("users")
2022-05-11 19:31:46,992 [INFO] sqlalchemy.engine.Engine: [raw sql] ()
2022-05-11 19:31:46,995 [INFO] sqlalchemy.engine.Engine: COMMIT
2022-05-11 19:31:47,018 [INFO] sqlalchemy.engine.Engine: BEGIN (implicit)
2022-05-11 19:31:47,020 [INFO] sqlalchemy.engine.Engine: PRAGMA main.table_info("transactions")
2022-05-11 19:31:47,022 [INFO] sqlalchemy.engine.Engine: [raw sql] ()
2022-05-11 19:31:47,027 [INFO] sqlalchemy.engine.Engine: PRAGMA main.table_info("users")
2022-05-11 19:31:47,028 [INFO] sqlalchemy.engine.Engine: [raw sql] ()
2022-05-11 19:31:47,032 [INFO] sqlalchemy.engine.Engine: COMMIT
2022-05-11 19:31:47,034 [INFO] sqlalchemy.engine.Engine: BEGIN (implicit)
2022-05-11 19:31:47,036 [INFO] sqlalchemy.engine.Engine: PRAGMA main.table_info("transactions")
2022-05-11 19:31:47,037 [INFO] sqlalchemy.engine.Engine: [raw sql] ()
2022-05-11 19:31:47,041 [INFO] sqlalchemy.engine.Engine: PRAGMA main.table_info("users")
2022-05-11 19:31:47,043 [INFO] sqlalchemy.engine.Engine: [raw sql] ()
2022-05-11 19:31:47,046 [INFO] sqlalchemy.engine.Engine: COMMIT
2022-05-11 20:44:51,542 [INFO] sqlalchemy.engine.Engine: BEGIN (implicit)
2022-05-11 20:44:51,544 [INFO] sqlalchemy.engine.Engine: PRAGMA main.table_info("transactions")
2022-05-11 20:44:51,546 [INFO] sqlalchemy.engine.Engine: [raw sql] ()
2022-05-11 20:44:51,552 [INFO] sqlalchemy.engine.Engine: PRAGMA main.table_info("users")
2022-05-11 20:44:51,553 [INFO] sqlalchemy.engine.Engine: [raw sql] ()
2022-05-11 20:44:51,556 [INFO] sqlalchemy.engine.Engine: COMMIT
2022-05-11 20:44:51,577 [INFO] sqlalchemy.engine.Engine: BEGIN (implicit)
2022-05-11 20:44:51,579 [INFO] sqlalchemy.engine.Engine: PRAGMA main.table_info("transactions")
2022-05-11 20:44:51,580 [INFO] sqlalchemy.engine.Engine: [raw sql] ()
2022-05-11 20:44:51,585 [INFO] sqlalchemy.engine.Engine: PRAGMA main.table_info("users")
2022-05-11 20:44:51,586 [INFO] sqlalchemy.engine.Engine: [raw sql] ()
2022-05-11 20:44:51,589 [INFO] sqlalchemy.engine.Engine: COMMIT
2022-05-11 20:44:51,593 [INFO] sqlalchemy.engine.Engine: BEGIN (implicit)
2022-05-11 20:44:51,594 [INFO] sqlalchemy.engine.Engine: PRAGMA main.table_info("transactions")
2022-05-11 20:44:51,596 [INFO] sqlalchemy.engine.Engine: [raw sql] ()
2022-05-11 20:44:51,600 [INFO] sqlalchemy.engine.Engine: PRAGMA main.table_info("users")
2022-05-11 20:44:51,601 [INFO] sqlalchemy.engine.Engine: [raw sql] ()
2022-05-11 20:44:51,604 [INFO] sqlalchemy.engine.Engine: COMMIT
